{"E:\\ДЗ\\Тестування, верифікація та валідація програмного з\\ідз\\calculator-app\\src\\calc.ts": {"path":"E:\\ДЗ\\Тестування, верифікація та валідація програмного з\\ідз\\calculator-app\\src\\calc.ts","statementMap":{"0":{"start":{"line":3,"column":0},"end":{"line":3,"column":16}},"1":{"start":{"line":4,"column":0},"end":{"line":4,"column":16}},"2":{"start":{"line":5,"column":0},"end":{"line":5,"column":16}},"3":{"start":{"line":6,"column":0},"end":{"line":6,"column":16}},"4":{"start":{"line":11,"column":0},"end":{"line":11,"column":16}},"5":{"start":{"line":3,"column":44},"end":{"line":3,"column":57}},"6":{"start":{"line":4,"column":44},"end":{"line":4,"column":57}},"7":{"start":{"line":5,"column":44},"end":{"line":5,"column":57}},"8":{"start":{"line":7,"column":2},"end":{"line":7,"column":49}},"9":{"start":{"line":7,"column":15},"end":{"line":7,"column":49}},"10":{"start":{"line":8,"column":2},"end":{"line":8,"column":15}},"11":{"start":{"line":12,"column":2},"end":{"line":12,"column":75}},"12":{"start":{"line":12,"column":42},"end":{"line":12,"column":75}},"13":{"start":{"line":13,"column":2},"end":{"line":19,"column":3}},"14":{"start":{"line":14,"column":14},"end":{"line":14,"column":31}},"15":{"start":{"line":15,"column":14},"end":{"line":15,"column":31}},"16":{"start":{"line":16,"column":14},"end":{"line":16,"column":31}},"17":{"start":{"line":17,"column":14},"end":{"line":17,"column":31}},"18":{"start":{"line":18,"column":13},"end":{"line":18,"column":48}}},"fnMap":{"0":{"name":"add","decl":{"start":{"line":3,"column":16},"end":{"line":3,"column":19}},"loc":{"start":{"line":3,"column":40},"end":{"line":3,"column":59}}},"1":{"name":"sub","decl":{"start":{"line":4,"column":16},"end":{"line":4,"column":19}},"loc":{"start":{"line":4,"column":40},"end":{"line":4,"column":59}}},"2":{"name":"mul","decl":{"start":{"line":5,"column":16},"end":{"line":5,"column":19}},"loc":{"start":{"line":5,"column":40},"end":{"line":5,"column":59}}},"3":{"name":"div","decl":{"start":{"line":6,"column":16},"end":{"line":6,"column":19}},"loc":{"start":{"line":6,"column":40},"end":{"line":9,"column":1}}},"4":{"name":"calculate","decl":{"start":{"line":11,"column":16},"end":{"line":11,"column":25}},"loc":{"start":{"line":11,"column":54},"end":{"line":20,"column":1}}}},"branchMap":{"0":{"loc":{"start":{"line":7,"column":2},"end":{"line":7,"column":49}},"type":"if","locations":[{"start":{"line":7,"column":2},"end":{"line":7,"column":49}}]},"1":{"loc":{"start":{"line":12,"column":2},"end":{"line":12,"column":75}},"type":"if","locations":[{"start":{"line":12,"column":2},"end":{"line":12,"column":75}}]},"2":{"loc":{"start":{"line":12,"column":6},"end":{"line":12,"column":40}},"type":"binary-expr","locations":[{"start":{"line":12,"column":6},"end":{"line":12,"column":21}},{"start":{"line":12,"column":25},"end":{"line":12,"column":40}}]},"3":{"loc":{"start":{"line":13,"column":2},"end":{"line":19,"column":3}},"type":"switch","locations":[{"start":{"line":14,"column":4},"end":{"line":14,"column":31}},{"start":{"line":15,"column":4},"end":{"line":15,"column":31}},{"start":{"line":16,"column":4},"end":{"line":16,"column":31}},{"start":{"line":17,"column":4},"end":{"line":17,"column":31}},{"start":{"line":18,"column":4},"end":{"line":18,"column":48}}]}},"s":{"0":2,"1":2,"2":2,"3":2,"4":2,"5":3,"6":1,"7":1,"8":3,"9":2,"10":1,"11":6,"12":2,"13":4,"14":2,"15":0,"16":0,"17":1,"18":1},"f":{"0":3,"1":1,"2":1,"3":3,"4":6},"b":{"0":[2],"1":[2],"2":[6,5],"3":[2,0,0,1,1]}}
}
